<?xml version="1.0" encoding="UTF-8"?>
<!-- Generated by org.testng.reporters.JUnitReportReporter -->
<testsuite hostname="DESKTOP-BCTHJEI" failures="0" tests="4" name="cucumberOptions.TestNGTestRunner" time="331.311" errors="0" timestamp="2022-03-08T21:26:18 IST" skipped="0">
  <testcase classname="cucumberOptions.TestNGTestRunner" name="runScenario" time="80.267"/>
  <system-out/>
  <testcase classname="cucumberOptions.TestNGTestRunner" name="runScenario" time="79.613"/>
  <system-out/>
  <testcase classname="cucumberOptions.TestNGTestRunner" name="runScenario" time="86.572"/>
  <system-out/>
  <testcase classname="cucumberOptions.TestNGTestRunner" name="runScenario" time="84.859"/>
  <system-out/>
</testsuite> <!-- cucumberOptions.TestNGTestRunner -->
